{"C:\\Users\\VICTOR\\Desktop\\To-do-list\\src\\task.js": {"path":"C:\\Users\\VICTOR\\Desktop\\To-do-list\\src\\task.js","statementMap":{"0":{"start":{"line":3,"column":4},"end":{"line":3,"column":35}},"1":{"start":{"line":4,"column":4},"end":{"line":4,"column":27}},"2":{"start":{"line":5,"column":4},"end":{"line":5,"column":23}}},"fnMap":{"0":{"name":"(anonymous_0)","decl":{"start":{"line":2,"column":2},"end":{"line":2,"column":3}},"loc":{"start":{"line":2,"column":34},"end":{"line":6,"column":3}},"line":2}},"branchMap":{},"s":{"0":3,"1":3,"2":3},"f":{"0":3},"b":{},"_coverageSchema":"1a1c01bbd47fc00a2c39e90264f33305004495a9","hash":"a5555d426546829d64691dd8981f030af595f62a"}
,"C:\\Users\\VICTOR\\Desktop\\To-do-list\\src\\taskmanager.js": {"path":"C:\\Users\\VICTOR\\Desktop\\To-do-list\\src\\taskmanager.js","statementMap":{"0":{"start":{"line":5,"column":4},"end":{"line":5,"column":19}},"1":{"start":{"line":6,"column":4},"end":{"line":6,"column":64}},"2":{"start":{"line":9,"column":10},"end":{"line":15,"column":5}},"3":{"start":{"line":10,"column":22},"end":{"line":10,"column":69}},"4":{"start":{"line":11,"column":6},"end":{"line":11,"column":34}},"5":{"start":{"line":13,"column":6},"end":{"line":13,"column":68}},"6":{"start":{"line":14,"column":6},"end":{"line":14,"column":21}},"7":{"start":{"line":17,"column":24},"end":{"line":21,"column":5}},"8":{"start":{"line":18,"column":6},"end":{"line":18,"column":57}},"9":{"start":{"line":20,"column":6},"end":{"line":20,"column":68}},"10":{"start":{"line":23,"column":19},"end":{"line":27,"column":5}},"11":{"start":{"line":24,"column":6},"end":{"line":24,"column":50}},"12":{"start":{"line":26,"column":6},"end":{"line":26,"column":68}},"13":{"start":{"line":29,"column":18},"end":{"line":33,"column":5}},"14":{"start":{"line":30,"column":6},"end":{"line":32,"column":9}},"15":{"start":{"line":31,"column":8},"end":{"line":31,"column":31}},"16":{"start":{"line":35,"column":13},"end":{"line":39,"column":5}},"17":{"start":{"line":36,"column":6},"end":{"line":36,"column":41}},"18":{"start":{"line":37,"column":6},"end":{"line":37,"column":25}},"19":{"start":{"line":38,"column":6},"end":{"line":38,"column":68}},"20":{"start":{"line":41,"column":27},"end":{"line":45,"column":5}},"21":{"start":{"line":42,"column":6},"end":{"line":42,"column":80}},"22":{"start":{"line":42,"column":54},"end":{"line":42,"column":77}},"23":{"start":{"line":43,"column":6},"end":{"line":43,"column":25}},"24":{"start":{"line":44,"column":6},"end":{"line":44,"column":68}},"25":{"start":{"line":47,"column":17},"end":{"line":51,"column":5}},"26":{"start":{"line":48,"column":6},"end":{"line":48,"column":78}},"27":{"start":{"line":49,"column":6},"end":{"line":49,"column":25}},"28":{"start":{"line":50,"column":6},"end":{"line":50,"column":68}},"29":{"start":{"line":53,"column":11},"end":{"line":61,"column":5}},"30":{"start":{"line":54,"column":6},"end":{"line":54,"column":47}},"31":{"start":{"line":55,"column":6},"end":{"line":55,"column":47}},"32":{"start":{"line":56,"column":19},"end":{"line":56,"column":44}},"33":{"start":{"line":57,"column":6},"end":{"line":57,"column":60}},"34":{"start":{"line":58,"column":6},"end":{"line":58,"column":39}},"35":{"start":{"line":60,"column":6},"end":{"line":60,"column":68}}},"fnMap":{"0":{"name":"(anonymous_0)","decl":{"start":{"line":4,"column":2},"end":{"line":4,"column":3}},"loc":{"start":{"line":4,"column":19},"end":{"line":7,"column":3}},"line":4},"1":{"name":"(anonymous_1)","decl":{"start":{"line":9,"column":10},"end":{"line":9,"column":11}},"loc":{"start":{"line":9,"column":27},"end":{"line":15,"column":5}},"line":9},"2":{"name":"(anonymous_2)","decl":{"start":{"line":17,"column":24},"end":{"line":17,"column":25}},"loc":{"start":{"line":17,"column":48},"end":{"line":21,"column":5}},"line":17},"3":{"name":"(anonymous_3)","decl":{"start":{"line":23,"column":19},"end":{"line":23,"column":20}},"loc":{"start":{"line":23,"column":38},"end":{"line":27,"column":5}},"line":23},"4":{"name":"(anonymous_4)","decl":{"start":{"line":29,"column":18},"end":{"line":29,"column":19}},"loc":{"start":{"line":29,"column":24},"end":{"line":33,"column":5}},"line":29},"5":{"name":"(anonymous_5)","decl":{"start":{"line":30,"column":28},"end":{"line":30,"column":29}},"loc":{"start":{"line":30,"column":45},"end":{"line":32,"column":7}},"line":30},"6":{"name":"(anonymous_6)","decl":{"start":{"line":35,"column":13},"end":{"line":35,"column":14}},"loc":{"start":{"line":35,"column":24},"end":{"line":39,"column":5}},"line":35},"7":{"name":"(anonymous_7)","decl":{"start":{"line":41,"column":27},"end":{"line":41,"column":28}},"loc":{"start":{"line":41,"column":33},"end":{"line":45,"column":5}},"line":41},"8":{"name":"(anonymous_8)","decl":{"start":{"line":42,"column":43},"end":{"line":42,"column":44}},"loc":{"start":{"line":42,"column":54},"end":{"line":42,"column":77}},"line":42},"9":{"name":"(anonymous_9)","decl":{"start":{"line":47,"column":17},"end":{"line":47,"column":18}},"loc":{"start":{"line":47,"column":41},"end":{"line":51,"column":5}},"line":47},"10":{"name":"(anonymous_10)","decl":{"start":{"line":53,"column":11},"end":{"line":53,"column":12}},"loc":{"start":{"line":53,"column":31},"end":{"line":61,"column":5}},"line":53}},"branchMap":{"0":{"loc":{"start":{"line":6,"column":20},"end":{"line":6,"column":63}},"type":"binary-expr","locations":[{"start":{"line":6,"column":20},"end":{"line":6,"column":57}},{"start":{"line":6,"column":61},"end":{"line":6,"column":63}}],"line":6}},"s":{"0":1,"1":1,"2":1,"3":3,"4":3,"5":3,"6":3,"7":1,"8":0,"9":0,"10":1,"11":0,"12":0,"13":1,"14":3,"15":3,"16":1,"17":3,"18":3,"19":3,"20":1,"21":0,"22":0,"23":0,"24":0,"25":1,"26":0,"27":0,"28":0,"29":1,"30":0,"31":0,"32":0,"33":0,"34":0,"35":0},"f":{"0":1,"1":3,"2":0,"3":0,"4":3,"5":3,"6":3,"7":0,"8":0,"9":0,"10":0},"b":{"0":[1,1]},"_coverageSchema":"1a1c01bbd47fc00a2c39e90264f33305004495a9","hash":"0fbec58566e4717fb861d52819698a859f514882"}
}
